Added Pin To Net: NetName=5V Pin=DSPIC30f4013-1
Added Pin To Net: NetName=GND Pin=DSPIC30f4013-2
Added Pin To Net: NetName=IN2 Pin=DSPIC30f4013-3
Added Pin To Net: NetName=IN1 Pin=DSPIC30f4013-4
Added Pin To Net: NetName=IN3 Pin=DSPIC30f4013-5
Added Pin To Net: NetName=IN4 Pin=DSPIC30f4013-6
Added Pin To Net: NetName=ENB Pin=DSPIC30f4013-7
Added Pin To Net: NetName=ENA Pin=DSPIC30f4013-8
Added Pin To Net: NetName=U1RX Pin=DSPIC30f4013-15
Added Pin To Net: NetName=U1TX Pin=DSPIC30f4013-16
Added Pin To Net: NetName=MCLR Pin=DSPIC30f4013-21
Added Pin To Net: NetName=PGC Pin=DSPIC30f4013-28
Added Pin To Net: NetName=PGD Pin=DSPIC30f4013-29
Added Pin To Net: NetName=5V Pin=DSPIC30f4013-31
Added Pin To Net: NetName=OSC1 Pin=DSPIC30f4013-33
Added Pin To Net: NetName=OSC2 Pin=DSPIC30f4013-34
Added Pin To Net: NetName=GND Pin=DSPIC30f4013-40
Added Pin To Net: NetName=12V Pin=NAPAJANJE2-1
Added Pin To Net: NetName=GND Pin=NAPAJANJE2-2
Added Room: Name=prijemnik_sematik
